0 info it worked if it ends with ok
1 verbose cli [ '/Users/spypsycho/.nvm/versions/node/v6.2.2/bin/node',
1 verbose cli   '/Users/spypsycho/.nvm/versions/node/v6.2.2/bin/npm',
1 verbose cli   'start' ]
2 info using npm@4.0.2
3 info using node@v6.2.2
4 verbose run-script [ 'prestart', 'start', 'poststart' ]
5 info lifecycle @~prestart: @
6 warn lifecycle The node binary used for scripts is /Users/spypsycho/Dev/node but npm is using /Users/spypsycho/.nvm/versions/node/v6.2.2/bin/node itself. Use the `--scripts-prepend-node-path` option to include the path for the node binary npm was executed with.
7 silly lifecycle @~prestart: no script for prestart, continuing
8 info lifecycle @~start: @
9 verbose lifecycle @~start: unsafe-perm in lifecycle true
10 verbose lifecycle @~start: PATH: /Users/spypsycho/.nvm/versions/node/v6.2.2/lib/node_modules/npm/bin/node-gyp-bin:/Users/spypsycho/Dev/goquoteme/landing page/node_modules/.bin:/Users/spypsycho/.rvm/gems/ruby-2.2.1/bin:/Users/spypsycho/.rvm/gems/ruby-2.2.1@global/bin:/Users/spypsycho/.rvm/rubies/ruby-2.2.1/bin:/usr/local/sbin:/Users/spypsycho/.pyenv/shims:/Users/spypsycho/Dev:/Users/spypsycho/Library/Android/sdk/platform-tools:/Users/spypsycho/Library/Android/sdk/tools:/Users/spypsycho/Library/Android/sdk/build-tools/23.0.2:/Users/spypsycho/.pyenv/bin:/usr/local/git/bin:/Users/spypsycho/.nvm/versions/node/v6.2.2/bin:/usr/local/bin:/usr/bin:/bin:/usr/sbin:/sbin:/Users/spypsycho/.rvm/bin..:/Users/spypsycho/.rvm/bin
11 verbose lifecycle @~start: CWD: /Users/spypsycho/Dev/goquoteme/landing page
12 silly lifecycle @~start: Args: [ '-c', 'node app.js' ]
13 silly lifecycle @~start: Returned: code: 1  signal: null
14 info lifecycle @~start: Failed to exec start script
15 verbose stack Error: @ start: `node app.js`
15 verbose stack Exit status 1
15 verbose stack     at EventEmitter.<anonymous> (/Users/spypsycho/.nvm/versions/node/v6.2.2/lib/node_modules/npm/lib/utils/lifecycle.js:279:16)
15 verbose stack     at emitTwo (events.js:106:13)
15 verbose stack     at EventEmitter.emit (events.js:191:7)
15 verbose stack     at ChildProcess.<anonymous> (/Users/spypsycho/.nvm/versions/node/v6.2.2/lib/node_modules/npm/lib/utils/spawn.js:40:14)
15 verbose stack     at emitTwo (events.js:106:13)
15 verbose stack     at ChildProcess.emit (events.js:191:7)
15 verbose stack     at maybeClose (internal/child_process.js:852:16)
15 verbose stack     at Process.ChildProcess._handle.onexit (internal/child_process.js:215:5)
16 verbose pkgid @
17 verbose cwd /Users/spypsycho/Dev/goquoteme/landing page
18 error Darwin 16.4.0
19 error argv "/Users/spypsycho/.nvm/versions/node/v6.2.2/bin/node" "/Users/spypsycho/.nvm/versions/node/v6.2.2/bin/npm" "start"
20 error node v6.2.2
21 error npm  v4.0.2
22 error code ELIFECYCLE
23 error @ start: `node app.js`
23 error Exit status 1
24 error Failed at the @ start script 'node app.js'.
24 error Make sure you have the latest version of node.js and npm installed.
24 error If you do, this is most likely a problem with the  package,
24 error not with npm itself.
24 error Tell the author that this fails on your system:
24 error     node app.js
24 error You can get information on how to open an issue for this project with:
24 error     npm bugs
24 error Or if that isn't available, you can get their info via:
24 error     npm owner ls
24 error There is likely additional logging output above.
25 verbose exit [ 1, true ]
